<?xml version="1.0" encoding="UTF-8"?>
<!-- Generated by org.testng.reporters.JUnitXMLReporter -->
<testsuite ignored="0" hostname="DESKTOP-0GA7LO5" failures="1" tests="2" name="APITest" time="3.304" errors="0" timestamp="2024-12-22T21:49:42 IST">
  <testcase classname="testAPI.RestAPITest" name="testGetUser" time="0.946"/>
  <testcase classname="testAPI.RestAPITest" name="testCreateUser" time="1.807">
    <failure type="java.lang.AssertionError" message="Status code is not 201 expected [true] but found [false]">
      <![CDATA[java.lang.AssertionError: Status code is not 201 expected [true] but found [false]
at testAPI.RestAPITest.testCreateUser(RestAPITest.java:55)
at java.base/java.util.ArrayList.forEach(ArrayList.java:1597)
... Removed 28 stack frames]]>
    </failure>
  </testcase> <!-- testCreateUser -->
</testsuite> <!-- APITest -->
