<?xml version="1.0" encoding="UTF-8"?>
<testng-results ignored="0" total="2" passed="2" failed="0" skipped="0">
  <reporter-output>
  </reporter-output>
  <suite started-at="2024-12-27T01:01:48 IST" name="Suite" finished-at="2024-12-27T01:01:52 IST" duration-ms="3099">
    <groups>
    </groups>
    <test started-at="2024-12-27T01:01:48 IST" name="Test" finished-at="2024-12-27T01:01:52 IST" duration-ms="3099">
      <class name="testAPI.RestAPITest">
        <test-method is-config="true" signature="beforeTest(java.lang.String)[pri:0, instance:testAPI.RestAPITest@6497b078]" started-at="2024-12-27T01:01:48 IST" name="beforeTest" finished-at="2024-12-27T01:01:49 IST" duration-ms="531" status="PASS">
          <params>
            <param index="0">
              <value>
                <![CDATA[api]]>
              </value>
            </param>
          </params>
          <reporter-output>
          </reporter-output>
        </test-method> <!-- beforeTest -->
        <test-method is-config="true" signature="setup(java.lang.reflect.Method,java.lang.String)[pri:0, instance:testAPI.RestAPITest@6497b078]" started-at="2024-12-27T01:01:49 IST" name="setup" finished-at="2024-12-27T01:01:50 IST" duration-ms="529" status="PASS">
          <params>
            <param index="0">
              <value>
                <![CDATA[public void testAPI.RestAPITest.testGetUser() throws java.lang.Exception]]>
              </value>
            </param>
            <param index="1">
              <value>
                <![CDATA[api]]>
              </value>
            </param>
          </params>
          <reporter-output>
          </reporter-output>
        </test-method> <!-- setup -->
        <test-method signature="testGetUser()[pri:0, instance:testAPI.RestAPITest@6497b078]" started-at="2024-12-27T01:01:50 IST" name="testGetUser" finished-at="2024-12-27T01:01:51 IST" duration-ms="1172" status="PASS">
          <reporter-output>
          </reporter-output>
        </test-method> <!-- testGetUser -->
        <test-method is-config="true" signature="setup(java.lang.reflect.Method,java.lang.String)[pri:0, instance:testAPI.RestAPITest@6497b078]" started-at="2024-12-27T01:01:51 IST" name="setup" finished-at="2024-12-27T01:01:51 IST" duration-ms="4" status="PASS">
          <params>
            <param index="0">
              <value>
                <![CDATA[public void testAPI.RestAPITest.testCreateUser() throws java.lang.Exception]]>
              </value>
            </param>
            <param index="1">
              <value>
                <![CDATA[api]]>
              </value>
            </param>
          </params>
          <reporter-output>
          </reporter-output>
        </test-method> <!-- setup -->
        <test-method signature="testCreateUser()[pri:1, instance:testAPI.RestAPITest@6497b078]" started-at="2024-12-27T01:01:51 IST" name="testCreateUser" finished-at="2024-12-27T01:01:52 IST" duration-ms="771" status="PASS">
          <reporter-output>
          </reporter-output>
        </test-method> <!-- testCreateUser -->
        <test-method is-config="true" signature="tearDown()[pri:0, instance:testAPI.RestAPITest@6497b078]" started-at="2024-12-27T01:01:52 IST" name="tearDown" finished-at="2024-12-27T01:01:52 IST" duration-ms="2" status="PASS">
          <reporter-output>
          </reporter-output>
        </test-method> <!-- tearDown -->
      </class> <!-- testAPI.RestAPITest -->
    </test> <!-- Test -->
  </suite> <!-- Suite -->
</testng-results>
