<?xml version="1.0" encoding="UTF-8"?>
<!-- Generated by org.testng.reporters.JUnitXMLReporter -->
<testsuite ignored="0" hostname="DESKTOP-0GA7LO5" failures="0" tests="7" name="Test" time="61.394" errors="0" timestamp="2024-12-28T01:40:32 IST">
  <testcase classname="testUI.EndToEndTest" name="verifyLogin" time="6.544"/>
  <testcase classname="testUI.EndToEndTest" name="verifySearchProductAndAddProductToCart" time="11.566"/>
  <testcase classname="testUI.EndToEndTest" name="verifyProductAddedToCart" time="0.494"/>
  <testcase classname="testUI.EndToEndTest" name="verifyCheckOutPageDetails" time="10.982"/>
  <testcase classname="testUI.EndToEndTest" name="verifyCheckOutOverviewPageDetails" time="0.404"/>
  <testcase classname="testUI.EndToEndTest" name="verifyUpdateValueInExcel" time="1.048"/>
  <testcase classname="testUI.EndToEndTest" name="verifyDatabaseResult" time="1.364"/>
</testsuite> <!-- Test -->
