<?xml version="1.0" encoding="UTF-8"?>
<!-- Generated by org.testng.reporters.JUnitXMLReporter -->
<testsuite ignored="0" hostname="DESKTOP-0GA7LO5" failures="0" tests="6" name="Test" time="45.712" errors="0" timestamp="2024-12-27T01:00:39 IST">
  <testcase classname="testUI.EndToEndTest" name="verifyLogin" time="3.373"/>
  <testcase classname="testUI.EndToEndTest" name="verifySearchProductAndAddProductToCart" time="10.775"/>
  <testcase classname="testUI.EndToEndTest" name="verifyProductAddedToCart" time="0.242"/>
  <testcase classname="testUI.EndToEndTest" name="verifyCheckOutPageDetails" time="6.277"/>
  <testcase classname="testUI.EndToEndTest" name="verifyCheckOutOverviewPageDetails" time="0.421"/>
  <testcase classname="testUI.EndToEndTest" name="verifyUpdateValueInExcel" time="0.98"/>
</testsuite> <!-- Test -->
